<?xml version="1.0" encoding="UTF-8"?>
<!-- Generated by org.testng.reporters.JUnitReportReporter -->
<testsuite hostname="LAPTOP-HA0ULEAJ" failures="0" tests="1" name="pages.RunnerClass" time="6.717" errors="0" timestamp="2024-08-06T23:41:15 IST" skipped="0">
  <testcase classname="pages.RunnerClass" name="testOne" time="6.717"/>
</testsuite> <!-- pages.RunnerClass -->
