<?xml version="1.0" encoding="UTF-8"?>
<!-- Generated by org.testng.reporters.JUnitReportReporter -->
<testsuite hostname="LAPTOP-HA0ULEAJ" failures="0" tests="1" name="BasicSetup.BaseSetup" time="23.300" errors="0" timestamp="2024-08-06T03:24:28 IST" skipped="0">
  <testcase classname="BasicSetup.BaseSetup" name="test" time="23.300"/>
</testsuite> <!-- BasicSetup.BaseSetup -->
