<?xml version="1.0" encoding="UTF-8"?>
<!-- Generated by org.testng.reporters.JUnitReportReporter -->
<testsuite hostname="LAPTOP-HA0ULEAJ" failures="0" tests="1" name="pages.RunnerClass" time="6.750" errors="0" timestamp="2024-08-07T00:21:05 IST" skipped="0">
  <testcase classname="pages.RunnerClass" name="testOne" time="6.750"/>
</testsuite> <!-- pages.RunnerClass -->
